<?xml version="1.0" encoding="UTF-8"?>
<robot generator="Robot 3.1.2 (Python 3.8.0 on win32)" generated="20191202 16:09:05.804" rpa="false">
<suite id="s1" name="Search-test" source="C:\Users\Peter.Basolo\Documents\Test Projects\Simple-Test-Project\Tests\Search-test.robot">
<test id="s1-t1" name="Search for 'vertex inc'">
<kw name="Open Browser" library="SeleniumLibrary">
<doc>Opens a new browser instance to the optional ``url``.</doc>
<arguments>
<arg>https://www.google.com</arg>
<arg>chrome</arg>
</arguments>
<msg timestamp="20191202 16:09:06.138" level="INFO">Opening browser 'chrome' to base url 'https://www.google.com'.</msg>
<status status="PASS" starttime="20191202 16:09:06.138" endtime="20191202 16:09:09.773"></status>
</kw>
<kw name="Wait Until Page Contains" library="SeleniumLibrary">
<doc>Waits until ``text`` appears on the current page.</doc>
<arguments>
<arg>Google</arg>
</arguments>
<status status="PASS" starttime="20191202 16:09:09.773" endtime="20191202 16:09:09.790"></status>
</kw>
<kw name="Input Text" library="SeleniumLibrary">
<doc>Types the given ``text`` into the text field identified by ``locator``.</doc>
<arguments>
<arg>//*[@id="tsf"]/div[2]/div[1]/div[1]/div/div[2]/input</arg>
<arg>vertex inc</arg>
</arguments>
<msg timestamp="20191202 16:09:09.791" level="INFO">Typing text 'vertex inc' into text field '//*[@id="tsf"]/div[2]/div[1]/div[1]/div/div[2]/input'.</msg>
<status status="PASS" starttime="20191202 16:09:09.790" endtime="20191202 16:09:09.892"></status>
</kw>
<kw name="Press Keys" library="SeleniumLibrary">
<doc>Simulates the user pressing key(s) to an element or on the active browser.</doc>
<arguments>
<arg>//*[@id="tsf"]/div[2]/div[1]/div[1]/div/div[2]/input</arg>
<arg>RETURN</arg>
</arguments>
<msg timestamp="20191202 16:09:09.892" level="INFO">Sending key(s) ('RETURN',) to //*[@id="tsf"]/div[2]/div[1]/div[1]/div/div[2]/input element.</msg>
<msg timestamp="20191202 16:09:09.901" level="INFO">Pressing special key RETURN to element.</msg>
<status status="PASS" starttime="20191202 16:09:09.892" endtime="20191202 16:09:13.731"></status>
</kw>
<kw name="Page Should Contain" library="SeleniumLibrary">
<doc>Verifies that current page contains ``text``.</doc>
<arguments>
<arg>vertex inc</arg>
</arguments>
<msg timestamp="20191202 16:09:13.758" level="INFO">Current page contains text 'vertex inc'.</msg>
<status status="PASS" starttime="20191202 16:09:13.732" endtime="20191202 16:09:13.759"></status>
</kw>
<kw name="Close Browser" library="SeleniumLibrary">
<doc>Closes the current browser.</doc>
<status status="PASS" starttime="20191202 16:09:13.759" endtime="20191202 16:09:16.123"></status>
</kw>
<doc>This robot will search for "vertex inc" on google</doc>
<status status="PASS" starttime="20191202 16:09:06.137" endtime="20191202 16:09:16.124" critical="yes"></status>
</test>
<doc>A simple test robot</doc>
<status status="PASS" starttime="20191202 16:09:05.807" endtime="20191202 16:09:16.132"></status>
</suite>
<statistics>
<total>
<stat pass="1" fail="0">Critical Tests</stat>
<stat pass="1" fail="0">All Tests</stat>
</total>
<tag>
</tag>
<suite>
<stat pass="1" fail="0" id="s1" name="Search-test">Search-test</stat>
</suite>
</statistics>
<errors>
</errors>
</robot>
